[debug] [2023-04-13T12:52:29.088Z] ----------------------------------------------------------------------
[debug] [2023-04-13T12:52:29.089Z] Command:       /usr/local/bin/node /usr/local/bin/firebase init
[debug] [2023-04-13T12:52:29.090Z] CLI Version:   11.26.0
[debug] [2023-04-13T12:52:29.090Z] Platform:      darwin
[debug] [2023-04-13T12:52:29.090Z] Node Version:  v16.14.0
[debug] [2023-04-13T12:52:29.091Z] Time:          Thu Apr 13 2023 14:52:29 GMT+0200 (Central European Summer Time)
[debug] [2023-04-13T12:52:29.091Z] ----------------------------------------------------------------------
[debug] 
[debug] [2023-04-13T12:52:29.095Z] > command requires scopes: ["email","openid","https://www.googleapis.com/auth/cloudplatformprojects.readonly","https://www.googleapis.com/auth/firebase","https://www.googleapis.com/auth/cloud-platform"]
[debug] [2023-04-13T12:52:29.095Z] > authorizing via signed-in user (joaosilva7875@gmail.com)
[info] 
     ######## #### ########  ######## ########     ###     ######  ########
     ##        ##  ##     ## ##       ##     ##  ##   ##  ##       ##
     ######    ##  ########  ######   ########  #########  ######  ######
     ##        ##  ##    ##  ##       ##     ## ##     ##       ## ##
     ##       #### ##     ## ######## ########  ##     ##  ######  ########

You're about to initialize a Firebase project in this directory:

  /Users/joaosilva/juanchat_v1

[info] 
=== Project Setup
[info] 
[info] First, let's associate this project directory with a Firebase project.
[info] You can create multiple project aliases by running firebase use --add, 
[info] but for now we'll just set up a default project.
[info] 
[debug] [2023-04-13T12:52:44.306Z] > refreshing access token with scopes: []
[debug] [2023-04-13T12:52:44.309Z] >>> [apiv2][query] POST https://www.googleapis.com/oauth2/v3/token [none]
[debug] [2023-04-13T12:52:44.309Z] >>> [apiv2][body] POST https://www.googleapis.com/oauth2/v3/token [omitted]
[debug] [2023-04-13T12:52:44.527Z] <<< [apiv2][status] POST https://www.googleapis.com/oauth2/v3/token 400
[debug] [2023-04-13T12:52:44.527Z] <<< [apiv2][body] POST https://www.googleapis.com/oauth2/v3/token [omitted]
[debug] [2023-04-13T12:52:44.528Z] >>> [apiv2][query] GET https://firebase.googleapis.com/v1beta1/projects pageSize=100
[debug] [2023-04-13T12:52:44.644Z] <<< [apiv2][status] GET https://firebase.googleapis.com/v1beta1/projects 401
[debug] [2023-04-13T12:52:44.644Z] <<< [apiv2][body] GET https://firebase.googleapis.com/v1beta1/projects [omitted]
[debug] [2023-04-13T12:52:44.644Z] HTTP Error: 401, Request had invalid authentication credentials. Expected OAuth 2 access token, login cookie or other valid authentication credential. See https://developers.google.com/identity/sign-in/web/devconsole-project.
[debug] [2023-04-13T12:52:44.733Z] FirebaseError: HTTP Error: 401, Request had invalid authentication credentials. Expected OAuth 2 access token, login cookie or other valid authentication credential. See https://developers.google.com/identity/sign-in/web/devconsole-project.
    at responseToError (/usr/local/lib/node_modules/firebase-tools/lib/responseToError.js:49:12)
    at RetryOperation._fn (/usr/local/lib/node_modules/firebase-tools/lib/apiv2.js:288:77)
    at processTicksAndRejections (node:internal/process/task_queues:96:5)
[error] 
[error] Error: Failed to list Firebase projects. See firebase-debug.log for more info.
[debug] [2023-04-13T12:52:49.107Z] ----------------------------------------------------------------------
[debug] [2023-04-13T12:52:49.109Z] Command:       /usr/local/bin/node /usr/local/bin/firebase init
[debug] [2023-04-13T12:52:49.110Z] CLI Version:   11.26.0
[debug] [2023-04-13T12:52:49.110Z] Platform:      darwin
[debug] [2023-04-13T12:52:49.110Z] Node Version:  v16.14.0
[debug] [2023-04-13T12:52:49.111Z] Time:          Thu Apr 13 2023 14:52:49 GMT+0200 (Central European Summer Time)
[debug] [2023-04-13T12:52:49.111Z] ----------------------------------------------------------------------
[debug] 
[debug] [2023-04-13T12:52:49.119Z] > command requires scopes: ["email","openid","https://www.googleapis.com/auth/cloudplatformprojects.readonly","https://www.googleapis.com/auth/firebase","https://www.googleapis.com/auth/cloud-platform"]
[debug] [2023-04-13T12:52:49.119Z] > authorizing via signed-in user (joaosilva7875@gmail.com)
[info] 
     ######## #### ########  ######## ########     ###     ######  ########
     ##        ##  ##     ## ##       ##     ##  ##   ##  ##       ##
     ######    ##  ########  ######   ########  #########  ######  ######
     ##        ##  ##    ##  ##       ##     ## ##     ##       ## ##
     ##       #### ##     ## ######## ########  ##     ##  ######  ########

You're about to initialize a Firebase project in this directory:

  /Users/joaosilva/juanchat_v1

